Flow report for WiFi_Network_Time
Wed Apr 06 23:30:04 2022
Quartus Prime Version 18.1.0 Build 625 09/12/2018 SJ Lite Edition


---------------------
; Table of Contents ;
---------------------
  1. Legal Notice
  2. Flow Summary
  3. Flow Settings
  4. Flow Non-Default Global Settings
  5. Flow Elapsed Time
  6. Flow OS Summary
  7. Flow Log
  8. Flow Messages
  9. Flow Suppressed Messages



----------------
; Legal Notice ;
----------------
Copyright (C) 2018  Intel Corporation. All rights reserved.
Your use of Intel Corporation's design tools, logic functions 
and other software and tools, and its AMPP partner logic 
functions, and any output files from any of the foregoing 
(including device programming or simulation files), and any 
associated documentation or information are expressly subject 
to the terms and conditions of the Intel Program License 
Subscription Agreement, the Intel Quartus Prime License Agreement,
the Intel FPGA IP License Agreement, or other applicable license
agreement, including, without limitation, that your use is for
the sole purpose of programming logic devices manufactured by
Intel and sold by Intel or its authorized distributors.  Please
refer to the applicable agreement for further details.



+-------------------------------------------------------------------------------+
; Flow Summary                                                                  ;
+---------------------------------+---------------------------------------------+
; Flow Status                     ; Successful - Wed Apr 06 23:29:12 2022       ;
; Quartus Prime Version           ; 18.1.0 Build 625 09/12/2018 SJ Lite Edition ;
; Revision Name                   ; WiFi_Network_Time                           ;
; Top-level Entity Name           ; WiFi_Network_Time                           ;
; Family                          ; Cyclone V                                   ;
; Device                          ; 5CSEMA5F31C6                                ;
; Timing Models                   ; Final                                       ;
; Logic utilization (in ALMs)     ; 1,853 / 32,070 ( 6 % )                      ;
; Total registers                 ; 3115                                        ;
; Total pins                      ; 142 / 457 ( 31 % )                          ;
; Total virtual pins              ; 0                                           ;
; Total block memory bits         ; 1,266,880 / 4,065,280 ( 31 % )              ;
; Total DSP Blocks                ; 3 / 87 ( 3 % )                              ;
; Total HSSI RX PCSs              ; 0                                           ;
; Total HSSI PMA RX Deserializers ; 0                                           ;
; Total HSSI TX PCSs              ; 0                                           ;
; Total HSSI PMA TX Serializers   ; 0                                           ;
; Total PLLs                      ; 0 / 6 ( 0 % )                               ;
; Total DLLs                      ; 0 / 4 ( 0 % )                               ;
+---------------------------------+---------------------------------------------+


+-----------------------------------------+
; Flow Settings                           ;
+-------------------+---------------------+
; Option            ; Setting             ;
+-------------------+---------------------+
; Start date & time ; 04/06/2022 23:19:33 ;
; Main task         ; Compilation         ;
; Revision Name     ; WiFi_Network_Time   ;
+-------------------+---------------------+


+----------------------------------------------------------------------------------------------------------------------------------------------------------------------------------------------------------------+
; Flow Non-Default Global Settings                                                                                                                                                                               ;
+-------------------------------------+---------------------------------------------------------------------------------------------------------------+---------------+-----------------------+------------------+
; Assignment Name                     ; Value                                                                                                         ; Default Value ; Entity Name           ; Section Id       ;
+-------------------------------------+---------------------------------------------------------------------------------------------------------------+---------------+-----------------------+------------------+
; COMPILER_SIGNATURE_ID               ; 118933439837329.164931237251152                                                                               ; --            ; --                    ; --               ;
; ENABLE_SIGNALTAP                    ; On                                                                                                            ; --            ; --                    ; --               ;
; MAX_CORE_JUNCTION_TEMP              ; 85                                                                                                            ; --            ; --                    ; --               ;
; MIN_CORE_JUNCTION_TEMP              ; 0                                                                                                             ; --            ; --                    ; --               ;
; MISC_FILE                           ; RFS_WiFi/synthesis/../RFS_WiFi.cmp                                                                            ; --            ; --                    ; --               ;
; MISC_FILE                           ; RFS_WiFi/synthesis/../../RFS_WiFi.qsys                                                                        ; --            ; --                    ; --               ;
; PARTITION_COLOR                     ; -- (Not supported for targeted family)                                                                        ; --            ; DE1_SOC_D8M_RTL       ; Top              ;
; PARTITION_COLOR                     ; -- (Not supported for targeted family)                                                                        ; --            ; DE2_115_WIFI_TIME_RTL ; Top              ;
; PARTITION_COLOR                     ; -- (Not supported for targeted family)                                                                        ; --            ; --                    ; Top              ;
; PARTITION_COLOR                     ; -- (Not supported for targeted family)                                                                        ; --            ; WiFi_Web_Server       ; Top              ;
; PARTITION_FITTER_PRESERVATION_LEVEL ; -- (Not supported for targeted family)                                                                        ; --            ; DE1_SOC_D8M_RTL       ; Top              ;
; PARTITION_FITTER_PRESERVATION_LEVEL ; -- (Not supported for targeted family)                                                                        ; --            ; DE2_115_WIFI_TIME_RTL ; Top              ;
; PARTITION_FITTER_PRESERVATION_LEVEL ; -- (Not supported for targeted family)                                                                        ; --            ; --                    ; Top              ;
; PARTITION_FITTER_PRESERVATION_LEVEL ; -- (Not supported for targeted family)                                                                        ; --            ; WiFi_Web_Server       ; Top              ;
; PARTITION_NETLIST_TYPE              ; -- (Not supported for targeted family)                                                                        ; --            ; DE1_SOC_D8M_RTL       ; Top              ;
; PARTITION_NETLIST_TYPE              ; -- (Not supported for targeted family)                                                                        ; --            ; DE2_115_WIFI_TIME_RTL ; Top              ;
; PARTITION_NETLIST_TYPE              ; -- (Not supported for targeted family)                                                                        ; --            ; --                    ; Top              ;
; PARTITION_NETLIST_TYPE              ; -- (Not supported for targeted family)                                                                        ; --            ; WiFi_Web_Server       ; Top              ;
; POWER_BOARD_THERMAL_MODEL           ; None (CONSERVATIVE)                                                                                           ; --            ; --                    ; --               ;
; POWER_PRESET_COOLING_SOLUTION       ; 23 MM HEAT SINK WITH 200 LFPM AIRFLOW                                                                         ; --            ; --                    ; --               ;
; PROJECT_OUTPUT_DIRECTORY            ; output_files                                                                                                  ; --            ; --                    ; --               ;
; SLD_FILE                            ; RFS_WiFi/synthesis/RFS_WiFi.regmap                                                                            ; --            ; --                    ; --               ;
; SLD_FILE                            ; RFS_WiFi/synthesis/RFS_WiFi.debuginfo                                                                         ; --            ; --                    ; --               ;
; SLD_FILE                            ; db/stp1_auto_stripped.stp                                                                                     ; --            ; --                    ; --               ;
; SLD_INFO                            ; QSYS_NAME RFS_WiFi HAS_SOPCINFO 1 GENERATION_ID 1649310392                                                    ; --            ; RFS_WiFi              ; --               ;
; SLD_NODE_CREATOR_ID                 ; 110                                                                                                           ; --            ; --                    ; auto_signaltap_0 ;
; SLD_NODE_ENTITY_NAME                ; sld_signaltap                                                                                                 ; --            ; --                    ; auto_signaltap_0 ;
; SLD_NODE_PARAMETER_ASSIGNMENT       ; SLD_RAM_BLOCK_TYPE=AUTO                                                                                       ; --            ; --                    ; auto_signaltap_0 ;
; SLD_NODE_PARAMETER_ASSIGNMENT       ; SLD_DATA_BITS=23                                                                                              ; --            ; --                    ; auto_signaltap_0 ;
; SLD_NODE_PARAMETER_ASSIGNMENT       ; SLD_TRIGGER_BITS=23                                                                                           ; --            ; --                    ; auto_signaltap_0 ;
; SLD_NODE_PARAMETER_ASSIGNMENT       ; SLD_STORAGE_QUALIFIER_BITS=23                                                                                 ; --            ; --                    ; auto_signaltap_0 ;
; SLD_NODE_PARAMETER_ASSIGNMENT       ; SLD_NODE_INFO=805334528                                                                                       ; --            ; --                    ; auto_signaltap_0 ;
; SLD_NODE_PARAMETER_ASSIGNMENT       ; SLD_POWER_UP_TRIGGER=0                                                                                        ; --            ; --                    ; auto_signaltap_0 ;
; SLD_NODE_PARAMETER_ASSIGNMENT       ; SLD_INVERSION_MASK=000000000000000000000000000000000000000000000000000000000000000000000000000000000000000000 ; --            ; --                    ; auto_signaltap_0 ;
; SLD_NODE_PARAMETER_ASSIGNMENT       ; SLD_INVERSION_MASK_LENGTH=90                                                                                  ; --            ; --                    ; auto_signaltap_0 ;
; SLD_NODE_PARAMETER_ASSIGNMENT       ; SLD_STORAGE_QUALIFIER_INVERSION_MASK_LENGTH=0                                                                 ; --            ; --                    ; auto_signaltap_0 ;
; SLD_NODE_PARAMETER_ASSIGNMENT       ; SLD_SEGMENT_SIZE=128                                                                                          ; --            ; --                    ; auto_signaltap_0 ;
; SLD_NODE_PARAMETER_ASSIGNMENT       ; SLD_ATTRIBUTE_MEM_MODE=OFF                                                                                    ; --            ; --                    ; auto_signaltap_0 ;
; SLD_NODE_PARAMETER_ASSIGNMENT       ; SLD_STATE_FLOW_USE_GENERATED=0                                                                                ; --            ; --                    ; auto_signaltap_0 ;
; SLD_NODE_PARAMETER_ASSIGNMENT       ; SLD_STATE_BITS=11                                                                                             ; --            ; --                    ; auto_signaltap_0 ;
; SLD_NODE_PARAMETER_ASSIGNMENT       ; SLD_BUFFER_FULL_STOP=1                                                                                        ; --            ; --                    ; auto_signaltap_0 ;
; SLD_NODE_PARAMETER_ASSIGNMENT       ; SLD_CURRENT_RESOURCE_WIDTH=1                                                                                  ; --            ; --                    ; auto_signaltap_0 ;
; SLD_NODE_PARAMETER_ASSIGNMENT       ; SLD_INCREMENTAL_ROUTING=1                                                                                     ; --            ; --                    ; auto_signaltap_0 ;
; SLD_NODE_PARAMETER_ASSIGNMENT       ; SLD_TRIGGER_LEVEL=1                                                                                           ; --            ; --                    ; auto_signaltap_0 ;
; SLD_NODE_PARAMETER_ASSIGNMENT       ; SLD_SAMPLE_DEPTH=128                                                                                          ; --            ; --                    ; auto_signaltap_0 ;
; SLD_NODE_PARAMETER_ASSIGNMENT       ; SLD_TRIGGER_IN_ENABLED=0                                                                                      ; --            ; --                    ; auto_signaltap_0 ;
; SLD_NODE_PARAMETER_ASSIGNMENT       ; SLD_TRIGGER_PIPELINE=0                                                                                        ; --            ; --                    ; auto_signaltap_0 ;
; SLD_NODE_PARAMETER_ASSIGNMENT       ; SLD_RAM_PIPELINE=0                                                                                            ; --            ; --                    ; auto_signaltap_0 ;
; SLD_NODE_PARAMETER_ASSIGNMENT       ; SLD_COUNTER_PIPELINE=0                                                                                        ; --            ; --                    ; auto_signaltap_0 ;
; SLD_NODE_PARAMETER_ASSIGNMENT       ; SLD_ADVANCED_TRIGGER_ENTITY=basic,1,                                                                          ; --            ; --                    ; auto_signaltap_0 ;
; SLD_NODE_PARAMETER_ASSIGNMENT       ; SLD_TRIGGER_LEVEL_PIPELINE=1                                                                                  ; --            ; --                    ; auto_signaltap_0 ;
; SLD_NODE_PARAMETER_ASSIGNMENT       ; SLD_ENABLE_ADVANCED_TRIGGER=0                                                                                 ; --            ; --                    ; auto_signaltap_0 ;
; SOPCINFO_FILE                       ; RFS_WiFi/synthesis/../../RFS_WiFi.sopcinfo                                                                    ; --            ; --                    ; --               ;
; SYNTHESIS_ONLY_QIP                  ; On                                                                                                            ; --            ; --                    ; --               ;
; USE_SIGNALTAP_FILE                  ; output_files/stp1.stp                                                                                         ; --            ; --                    ; --               ;
+-------------------------------------+---------------------------------------------------------------------------------------------------------------+---------------+-----------------------+------------------+


+--------------------------------------------------------------------------------------------------------------------------+
; Flow Elapsed Time                                                                                                        ;
+----------------------+--------------+-------------------------+---------------------+------------------------------------+
; Module Name          ; Elapsed Time ; Average Processors Used ; Peak Virtual Memory ; Total CPU Time (on all processors) ;
+----------------------+--------------+-------------------------+---------------------+------------------------------------+
; Analysis & Synthesis ; 00:02:58     ; 1.0                     ; 5065 MB             ; 00:03:37                           ;
; Fitter               ; 00:05:27     ; 1.3                     ; 6644 MB             ; 00:09:50                           ;
; Assembler            ; 00:00:40     ; 1.0                     ; 4920 MB             ; 00:00:35                           ;
; Timing Analyzer      ; 00:00:49     ; 2.1                     ; 5300 MB             ; 00:01:27                           ;
; Total                ; 00:09:54     ; --                      ; --                  ; 00:15:29                           ;
+----------------------+--------------+-------------------------+---------------------+------------------------------------+


+------------------------------------------------------------------------------------+
; Flow OS Summary                                                                    ;
+----------------------+------------------+------------+------------+----------------+
; Module Name          ; Machine Hostname ; OS Name    ; OS Version ; Processor type ;
+----------------------+------------------+------------+------------+----------------+
; Analysis & Synthesis ; Janish-Dell      ; Windows 10 ; 10.0       ; x86_64         ;
; Fitter               ; Janish-Dell      ; Windows 10 ; 10.0       ; x86_64         ;
; Assembler            ; Janish-Dell      ; Windows 10 ; 10.0       ; x86_64         ;
; Timing Analyzer      ; Janish-Dell      ; Windows 10 ; 10.0       ; x86_64         ;
+----------------------+------------------+------------+------------+----------------+


------------
; Flow Log ;
------------
quartus_map --read_settings_files=on --write_settings_files=off WiFi_Network_Time -c WiFi_Network_Time
quartus_fit --read_settings_files=off --write_settings_files=off WiFi_Network_Time -c WiFi_Network_Time
quartus_asm --read_settings_files=off --write_settings_files=off WiFi_Network_Time -c WiFi_Network_Time
quartus_sta WiFi_Network_Time -c WiFi_Network_Time



